<?xml version="1.0" encoding="UTF-8"?>
<testng-results skipped="0" failed="0" total="1" passed="1">
  <reporter-output>
  </reporter-output>
  <suite name="Default suite" duration-ms="16856" started-at="2019-08-01T10:05:18Z" finished-at="2019-08-01T10:05:35Z">
    <groups>
    </groups>
    <test name="Default test" duration-ms="16856" started-at="2019-08-01T10:05:18Z" finished-at="2019-08-01T10:05:35Z">
      <class name="demos.Chrome">
        <test-method status="PASS" signature="beforeTest()[pri:0, instance:demos.Chrome@11531931]" name="beforeTest" is-config="true" duration-ms="11515" started-at="2019-08-01T15:35:18Z" finished-at="2019-08-01T15:35:30Z">
          <reporter-output>
          </reporter-output>
        </test-method> <!-- beforeTest -->
        <test-method status="PASS" signature="Login()[pri:0, instance:demos.Chrome@11531931]" name="Login" duration-ms="2466" started-at="2019-08-01T15:35:30Z" finished-at="2019-08-01T15:35:32Z">
          <reporter-output>
          </reporter-output>
        </test-method> <!-- Login -->
        <test-method status="PASS" signature="afterTest()[pri:0, instance:demos.Chrome@11531931]" name="afterTest" is-config="true" duration-ms="2855" started-at="2019-08-01T15:35:32Z" finished-at="2019-08-01T15:35:35Z">
          <reporter-output>
          </reporter-output>
        </test-method> <!-- afterTest -->
      </class> <!-- demos.Chrome -->
    </test> <!-- Default test -->
  </suite> <!-- Default suite -->
</testng-results>
